Mon Dec 29 14:58:56 
Mon Dec 29 14:58:56 warning: 32-bit servers don't have journaling enabled by default. Please use --journal if you want durability.
Mon Dec 29 14:58:56 
warning: some regex utf8 things will not work.  pcre build doesn't have --enable-unicode-properties
Mon Dec 29 14:58:56 [initandlisten] MongoDB starting : pid=19892 port=27017 dbpath=/var/www/root/git/backend/data 32-bit host=raspberrypi
Mon Dec 29 14:58:56 [initandlisten] 
Mon Dec 29 14:58:56 [initandlisten] ** NOTE: This is a development version (2.1.1-pre-) of MongoDB.
Mon Dec 29 14:58:56 [initandlisten] **       Not recommended for production.
Mon Dec 29 14:58:56 [initandlisten] 
Mon Dec 29 14:58:56 [initandlisten] ** NOTE: when using MongoDB 32 bit, you are limited to about 2 gigabytes of data
Mon Dec 29 14:58:56 [initandlisten] **       see http://blog.mongodb.org/post/137788967/32-bit-limitations
Mon Dec 29 14:58:56 [initandlisten] **       with --journal, the limit is lower
Mon Dec 29 14:58:56 [initandlisten] 
Mon Dec 29 14:58:56 [initandlisten] db version v2.1.1-pre-, pdfile version 4.5
Mon Dec 29 14:58:56 [initandlisten] git version: 47fbbdceb21fc2b791d22db7f01792500647daa9
Mon Dec 29 14:58:56 [initandlisten] build info: Linux raspberrypi 3.2.27+ #102 PREEMPT Sat Sep 1 01:00:50 BST 2012 armv6l BOOST_LIB_VERSION=1_49
Mon Dec 29 14:58:56 [initandlisten] options: { dbpath: "/var/www/root/git/backend/data", fork: true, logpath: "/var/www/root/git/backend/data/mongod.log" }
Mon Dec 29 14:58:56 [initandlisten] waiting for connections on port 27017
Mon Dec 29 14:58:56 [websvr] admin web console waiting for connections on port 28017
Mon Dec 29 14:59:45 [initandlisten] connection accepted from 127.0.0.1:52483 #1 (1 connection now open)
Mon Dec 29 14:59:45 [conn1] end connection 127.0.0.1:52483 (0 connections now open)
Mon Dec 29 14:59:45 [initandlisten] connection accepted from 127.0.0.1:52484 #2 (1 connection now open)
Mon Dec 29 14:59:45 [initandlisten] connection accepted from 127.0.0.1:52485 #3 (2 connections now open)
Mon Dec 29 14:59:45 [initandlisten] connection accepted from 127.0.0.1:52486 #4 (3 connections now open)
Mon Dec 29 14:59:45 [initandlisten] connection accepted from 127.0.0.1:52487 #5 (4 connections now open)
Mon Dec 29 14:59:45 [initandlisten] connection accepted from 127.0.0.1:52488 #6 (5 connections now open)
Mon Dec 29 14:59:56 [clientcursormon] mem (MB) res:32 virt:120 mapped:32
Mon Dec 29 15:00:04 [conn2] end connection 127.0.0.1:52484 (4 connections now open)
Mon Dec 29 15:00:04 [conn3] end connection 127.0.0.1:52485 (3 connections now open)
Mon Dec 29 15:00:04 [conn4] end connection 127.0.0.1:52486 (2 connections now open)
Mon Dec 29 15:00:04 [conn5] end connection 127.0.0.1:52487 (1 connection now open)
Mon Dec 29 15:00:04 [conn6] end connection 127.0.0.1:52488 (0 connections now open)
Mon Dec 29 15:00:43 [initandlisten] connection accepted from 127.0.0.1:52489 #7 (1 connection now open)
Mon Dec 29 15:00:43 [conn7] end connection 127.0.0.1:52489 (0 connections now open)
Mon Dec 29 15:00:43 [initandlisten] connection accepted from 127.0.0.1:52490 #8 (1 connection now open)
Mon Dec 29 15:00:44 [initandlisten] connection accepted from 127.0.0.1:52491 #9 (2 connections now open)
Mon Dec 29 15:00:44 [initandlisten] connection accepted from 127.0.0.1:52492 #10 (3 connections now open)
Mon Dec 29 15:00:44 [initandlisten] connection accepted from 127.0.0.1:52493 #11 (4 connections now open)
Mon Dec 29 15:00:44 [initandlisten] connection accepted from 127.0.0.1:52494 #12 (5 connections now open)
Mon Dec 29 15:04:56 [clientcursormon] mem (MB) res:32 virt:120 mapped:32
Mon Dec 29 15:09:56 [clientcursormon] mem (MB) res:32 virt:120 mapped:32
Mon Dec 29 15:14:56 [clientcursormon] mem (MB) res:32 virt:120 mapped:32
Mon Dec 29 15:19:56 [clientcursormon] mem (MB) res:32 virt:120 mapped:32
Mon Dec 29 15:24:56 [clientcursormon] mem (MB) res:32 virt:120 mapped:32
Mon Dec 29 15:26:47 [conn8] end connection 127.0.0.1:52490 (4 connections now open)
Mon Dec 29 15:26:47 [conn9] end connection 127.0.0.1:52491 (3 connections now open)
Mon Dec 29 15:26:47 [conn10] end connection 127.0.0.1:52492 (2 connections now open)
Mon Dec 29 15:26:47 [conn11] end connection 127.0.0.1:52493 (1 connection now open)
Mon Dec 29 15:26:47 [conn12] end connection 127.0.0.1:52494 (0 connections now open)
Mon Dec 29 15:27:11 [initandlisten] connection accepted from 127.0.0.1:52496 #13 (1 connection now open)
Mon Dec 29 15:27:12 [conn13] end connection 127.0.0.1:52496 (0 connections now open)
Mon Dec 29 15:27:12 [initandlisten] connection accepted from 127.0.0.1:52497 #14 (1 connection now open)
Mon Dec 29 15:27:12 [initandlisten] connection accepted from 127.0.0.1:52498 #15 (2 connections now open)
Mon Dec 29 15:27:12 [initandlisten] connection accepted from 127.0.0.1:52499 #16 (3 connections now open)
Mon Dec 29 15:27:12 [initandlisten] connection accepted from 127.0.0.1:52500 #17 (4 connections now open)
Mon Dec 29 15:27:12 [initandlisten] connection accepted from 127.0.0.1:52501 #18 (5 connections now open)
Mon Dec 29 15:29:56 [clientcursormon] mem (MB) res:32 virt:120 mapped:32
Mon Dec 29 15:34:56 [clientcursormon] mem (MB) res:32 virt:120 mapped:32
Mon Dec 29 15:39:56 [clientcursormon] mem (MB) res:32 virt:120 mapped:32
Mon Dec 29 15:44:56 [clientcursormon] mem (MB) res:32 virt:120 mapped:32
Mon Dec 29 15:49:56 [clientcursormon] mem (MB) res:32 virt:120 mapped:32
Mon Dec 29 15:54:56 [clientcursormon] mem (MB) res:32 virt:120 mapped:32
Mon Dec 29 15:59:56 [clientcursormon] mem (MB) res:32 virt:120 mapped:32
Mon Dec 29 16:04:56 [clientcursormon] mem (MB) res:32 virt:120 mapped:32
Mon Dec 29 16:09:56 [clientcursormon] mem (MB) res:32 virt:120 mapped:32
Mon Dec 29 16:14:56 [clientcursormon] mem (MB) res:32 virt:120 mapped:32
Mon Dec 29 16:19:56 [clientcursormon] mem (MB) res:32 virt:120 mapped:32
Mon Dec 29 16:24:56 [clientcursormon] mem (MB) res:32 virt:120 mapped:32
Mon Dec 29 16:29:56 [clientcursormon] mem (MB) res:32 virt:120 mapped:32
Mon Dec 29 16:34:56 [clientcursormon] mem (MB) res:32 virt:120 mapped:32
Mon Dec 29 16:39:56 [clientcursormon] mem (MB) res:32 virt:120 mapped:32
Mon Dec 29 16:44:56 [clientcursormon] mem (MB) res:32 virt:120 mapped:32
Mon Dec 29 16:49:56 [clientcursormon] mem (MB) res:32 virt:120 mapped:32
Mon Dec 29 16:54:56 [clientcursormon] mem (MB) res:32 virt:120 mapped:32
Mon Dec 29 16:59:56 [clientcursormon] mem (MB) res:32 virt:120 mapped:32
Mon Dec 29 17:04:56 [clientcursormon] mem (MB) res:32 virt:120 mapped:32
Mon Dec 29 17:09:56 [clientcursormon] mem (MB) res:32 virt:120 mapped:32
Mon Dec 29 17:14:56 [clientcursormon] mem (MB) res:32 virt:120 mapped:32
Mon Dec 29 17:19:56 [clientcursormon] mem (MB) res:32 virt:120 mapped:32
Mon Dec 29 17:24:56 [clientcursormon] mem (MB) res:32 virt:120 mapped:32
Mon Dec 29 17:29:56 [clientcursormon] mem (MB) res:32 virt:120 mapped:32
Mon Dec 29 17:34:56 [clientcursormon] mem (MB) res:32 virt:120 mapped:32
Mon Dec 29 17:39:56 [clientcursormon] mem (MB) res:32 virt:120 mapped:32
Mon Dec 29 17:44:56 [clientcursormon] mem (MB) res:32 virt:120 mapped:32
Mon Dec 29 17:49:56 [clientcursormon] mem (MB) res:32 virt:120 mapped:32
Mon Dec 29 17:54:56 [clientcursormon] mem (MB) res:32 virt:120 mapped:32
Mon Dec 29 17:59:56 [clientcursormon] mem (MB) res:32 virt:120 mapped:32
Mon Dec 29 18:04:56 [clientcursormon] mem (MB) res:32 virt:120 mapped:32
Mon Dec 29 18:09:56 [clientcursormon] mem (MB) res:32 virt:120 mapped:32
Mon Dec 29 18:14:56 [clientcursormon] mem (MB) res:32 virt:120 mapped:32
Mon Dec 29 18:19:56 [clientcursormon] mem (MB) res:32 virt:120 mapped:32
Mon Dec 29 18:24:56 [clientcursormon] mem (MB) res:32 virt:120 mapped:32
Mon Dec 29 18:29:56 [clientcursormon] mem (MB) res:32 virt:120 mapped:32
Mon Dec 29 18:34:56 [clientcursormon] mem (MB) res:32 virt:120 mapped:32
Mon Dec 29 18:39:56 [clientcursormon] mem (MB) res:32 virt:120 mapped:32
Mon Dec 29 18:44:56 [clientcursormon] mem (MB) res:32 virt:120 mapped:32
Mon Dec 29 18:46:21 [conn14] end connection 127.0.0.1:52497 (4 connections now open)
Mon Dec 29 18:46:21 [conn15] end connection 127.0.0.1:52498 (3 connections now open)
Mon Dec 29 18:46:21 [conn16] end connection 127.0.0.1:52499 (2 connections now open)
Mon Dec 29 18:46:21 [conn17] end connection 127.0.0.1:52500 (1 connection now open)
Mon Dec 29 18:46:21 [conn18] end connection 127.0.0.1:52501 (0 connections now open)
Mon Dec 29 18:49:56 [clientcursormon] mem (MB) res:32 virt:120 mapped:32
Mon Dec 29 18:54:56 [clientcursormon] mem (MB) res:32 virt:120 mapped:32
Mon Dec 29 18:59:56 [clientcursormon] mem (MB) res:32 virt:120 mapped:32
Mon Dec 29 19:04:56 [clientcursormon] mem (MB) res:32 virt:120 mapped:32
Mon Dec 29 19:09:56 [clientcursormon] mem (MB) res:32 virt:120 mapped:32
Mon Dec 29 19:14:56 [clientcursormon] mem (MB) res:32 virt:120 mapped:32
Mon Dec 29 19:19:56 [clientcursormon] mem (MB) res:32 virt:120 mapped:32
Mon Dec 29 19:24:57 [clientcursormon] mem (MB) res:32 virt:120 mapped:32
Mon Dec 29 19:29:57 [clientcursormon] mem (MB) res:32 virt:120 mapped:32
Mon Dec 29 19:34:57 [clientcursormon] mem (MB) res:32 virt:120 mapped:32
Mon Dec 29 19:39:57 [clientcursormon] mem (MB) res:32 virt:120 mapped:32
Mon Dec 29 19:44:57 [clientcursormon] mem (MB) res:32 virt:120 mapped:32
Mon Dec 29 19:49:57 [clientcursormon] mem (MB) res:32 virt:120 mapped:32
Mon Dec 29 19:54:57 [clientcursormon] mem (MB) res:32 virt:120 mapped:32
Mon Dec 29 19:59:57 [clientcursormon] mem (MB) res:32 virt:120 mapped:32
Mon Dec 29 20:04:57 [clientcursormon] mem (MB) res:32 virt:120 mapped:32
Mon Dec 29 20:09:57 [clientcursormon] mem (MB) res:32 virt:120 mapped:32
Mon Dec 29 20:14:57 [clientcursormon] mem (MB) res:32 virt:120 mapped:32
Mon Dec 29 20:19:57 [clientcursormon] mem (MB) res:32 virt:120 mapped:32
Mon Dec 29 20:24:57 [clientcursormon] mem (MB) res:32 virt:120 mapped:32
Mon Dec 29 20:29:57 [clientcursormon] mem (MB) res:32 virt:120 mapped:32
Mon Dec 29 20:34:57 [clientcursormon] mem (MB) res:32 virt:120 mapped:32
Mon Dec 29 20:39:57 [clientcursormon] mem (MB) res:32 virt:120 mapped:32
Mon Dec 29 20:44:57 [clientcursormon] mem (MB) res:32 virt:120 mapped:32
Mon Dec 29 20:49:57 [clientcursormon] mem (MB) res:32 virt:120 mapped:32
Mon Dec 29 20:54:57 [clientcursormon] mem (MB) res:32 virt:120 mapped:32
Mon Dec 29 20:59:57 [clientcursormon] mem (MB) res:32 virt:120 mapped:32
Mon Dec 29 21:04:57 [clientcursormon] mem (MB) res:32 virt:120 mapped:32
Mon Dec 29 21:09:57 [clientcursormon] mem (MB) res:32 virt:120 mapped:32
Mon Dec 29 21:14:57 [clientcursormon] mem (MB) res:32 virt:120 mapped:32
Mon Dec 29 21:19:57 [clientcursormon] mem (MB) res:32 virt:120 mapped:32
Mon Dec 29 21:23:08 [initandlisten] connection accepted from 127.0.0.1:52514 #19 (1 connection now open)
Mon Dec 29 21:23:09 [conn19] end connection 127.0.0.1:52514 (0 connections now open)
Mon Dec 29 21:23:09 [initandlisten] connection accepted from 127.0.0.1:52515 #20 (1 connection now open)
Mon Dec 29 21:23:09 [initandlisten] connection accepted from 127.0.0.1:52516 #21 (2 connections now open)
Mon Dec 29 21:23:09 [initandlisten] connection accepted from 127.0.0.1:52517 #22 (3 connections now open)
Mon Dec 29 21:23:09 [initandlisten] connection accepted from 127.0.0.1:52518 #23 (4 connections now open)
Mon Dec 29 21:23:09 [initandlisten] connection accepted from 127.0.0.1:52519 #24 (5 connections now open)
Mon Dec 29 21:24:57 [clientcursormon] mem (MB) res:32 virt:120 mapped:32
Mon Dec 29 21:29:57 [clientcursormon] mem (MB) res:32 virt:120 mapped:32
Mon Dec 29 21:34:57 [clientcursormon] mem (MB) res:32 virt:120 mapped:32
Mon Dec 29 21:39:57 [clientcursormon] mem (MB) res:32 virt:120 mapped:32
Mon Dec 29 21:44:57 [clientcursormon] mem (MB) res:32 virt:120 mapped:32
Mon Dec 29 21:49:57 [clientcursormon] mem (MB) res:32 virt:120 mapped:32
Mon Dec 29 21:54:57 [clientcursormon] mem (MB) res:32 virt:120 mapped:32
Mon Dec 29 21:59:57 [clientcursormon] mem (MB) res:32 virt:120 mapped:32
Mon Dec 29 22:04:57 [clientcursormon] mem (MB) res:32 virt:120 mapped:32
Mon Dec 29 22:09:57 [clientcursormon] mem (MB) res:32 virt:120 mapped:32
Mon Dec 29 22:14:57 [clientcursormon] mem (MB) res:32 virt:120 mapped:32
Mon Dec 29 22:19:57 [clientcursormon] mem (MB) res:32 virt:120 mapped:32
Mon Dec 29 22:24:57 [clientcursormon] mem (MB) res:32 virt:120 mapped:32
Mon Dec 29 22:29:57 [clientcursormon] mem (MB) res:32 virt:120 mapped:32
Mon Dec 29 22:34:57 [clientcursormon] mem (MB) res:32 virt:120 mapped:32
Mon Dec 29 22:39:57 [clientcursormon] mem (MB) res:32 virt:120 mapped:32
Mon Dec 29 22:44:57 [clientcursormon] mem (MB) res:32 virt:120 mapped:32
Mon Dec 29 22:49:57 [clientcursormon] mem (MB) res:32 virt:120 mapped:32
Mon Dec 29 22:54:57 [clientcursormon] mem (MB) res:32 virt:120 mapped:32
Mon Dec 29 22:59:57 [clientcursormon] mem (MB) res:32 virt:120 mapped:32
Mon Dec 29 23:04:57 [clientcursormon] mem (MB) res:32 virt:120 mapped:32
Mon Dec 29 23:09:57 [clientcursormon] mem (MB) res:32 virt:120 mapped:32
Mon Dec 29 23:14:57 [clientcursormon] mem (MB) res:32 virt:120 mapped:32
Mon Dec 29 23:19:57 [clientcursormon] mem (MB) res:32 virt:120 mapped:32
Mon Dec 29 23:24:57 [clientcursormon] mem (MB) res:32 virt:120 mapped:32
Mon Dec 29 23:29:57 [clientcursormon] mem (MB) res:32 virt:120 mapped:32
Mon Dec 29 23:34:57 [clientcursormon] mem (MB) res:32 virt:120 mapped:32
Mon Dec 29 23:39:57 [clientcursormon] mem (MB) res:32 virt:120 mapped:32
Mon Dec 29 23:44:57 [clientcursormon] mem (MB) res:32 virt:120 mapped:32
Mon Dec 29 23:49:57 [clientcursormon] mem (MB) res:32 virt:120 mapped:32
Mon Dec 29 23:52:28 [conn20] end connection 127.0.0.1:52515 (4 connections now open)
Mon Dec 29 23:52:28 [conn21] end connection 127.0.0.1:52516 (3 connections now open)
Mon Dec 29 23:52:28 [conn22] end connection 127.0.0.1:52517 (2 connections now open)
Mon Dec 29 23:52:28 [conn23] end connection 127.0.0.1:52518 (1 connection now open)
Mon Dec 29 23:52:28 [conn24] end connection 127.0.0.1:52519 (0 connections now open)
Mon Dec 29 23:53:15 [initandlisten] connection accepted from 127.0.0.1:52525 #25 (1 connection now open)
Mon Dec 29 23:53:16 [conn25] end connection 127.0.0.1:52525 (0 connections now open)
Mon Dec 29 23:53:16 [initandlisten] connection accepted from 127.0.0.1:52526 #26 (1 connection now open)
Mon Dec 29 23:53:16 [initandlisten] connection accepted from 127.0.0.1:52527 #27 (2 connections now open)
Mon Dec 29 23:53:16 [initandlisten] connection accepted from 127.0.0.1:52528 #28 (3 connections now open)
Mon Dec 29 23:53:17 [initandlisten] connection accepted from 127.0.0.1:52529 #29 (4 connections now open)
Mon Dec 29 23:53:17 [initandlisten] connection accepted from 127.0.0.1:52530 #30 (5 connections now open)
Mon Dec 29 23:54:57 [clientcursormon] mem (MB) res:32 virt:120 mapped:32
Mon Dec 29 23:59:57 [clientcursormon] mem (MB) res:32 virt:120 mapped:32
Tue Dec 30 00:04:57 [clientcursormon] mem (MB) res:32 virt:120 mapped:32
Tue Dec 30 00:09:57 [clientcursormon] mem (MB) res:32 virt:120 mapped:32
Tue Dec 30 00:14:57 [clientcursormon] mem (MB) res:32 virt:120 mapped:32
Tue Dec 30 00:19:57 [clientcursormon] mem (MB) res:32 virt:120 mapped:32
Tue Dec 30 00:24:57 [clientcursormon] mem (MB) res:32 virt:120 mapped:32
Tue Dec 30 00:29:57 [clientcursormon] mem (MB) res:32 virt:120 mapped:32
Tue Dec 30 00:34:57 [clientcursormon] mem (MB) res:32 virt:120 mapped:32
Tue Dec 30 00:39:57 [clientcursormon] mem (MB) res:32 virt:120 mapped:32
Tue Dec 30 00:44:57 [clientcursormon] mem (MB) res:32 virt:120 mapped:32
Tue Dec 30 00:49:57 [clientcursormon] mem (MB) res:32 virt:120 mapped:32
Tue Dec 30 00:54:57 [clientcursormon] mem (MB) res:32 virt:120 mapped:32
Tue Dec 30 00:59:57 [clientcursormon] mem (MB) res:32 virt:120 mapped:32
Tue Dec 30 01:04:58 [clientcursormon] mem (MB) res:32 virt:120 mapped:32
Tue Dec 30 01:09:58 [clientcursormon] mem (MB) res:32 virt:120 mapped:32
Tue Dec 30 01:14:58 [clientcursormon] mem (MB) res:32 virt:120 mapped:32
Tue Dec 30 01:19:58 [clientcursormon] mem (MB) res:32 virt:120 mapped:32
Tue Dec 30 01:24:58 [clientcursormon] mem (MB) res:32 virt:120 mapped:32
Tue Dec 30 01:29:58 [clientcursormon] mem (MB) res:32 virt:120 mapped:32
Tue Dec 30 01:34:58 [clientcursormon] mem (MB) res:32 virt:120 mapped:32
Tue Dec 30 01:39:58 [clientcursormon] mem (MB) res:32 virt:120 mapped:32
Tue Dec 30 01:44:58 [clientcursormon] mem (MB) res:32 virt:120 mapped:32
Tue Dec 30 01:49:58 [clientcursormon] mem (MB) res:32 virt:120 mapped:32
Tue Dec 30 01:54:58 [clientcursormon] mem (MB) res:32 virt:120 mapped:32
Tue Dec 30 01:59:58 [clientcursormon] mem (MB) res:32 virt:120 mapped:32
Tue Dec 30 02:04:58 [clientcursormon] mem (MB) res:32 virt:120 mapped:32
Tue Dec 30 02:09:58 [clientcursormon] mem (MB) res:32 virt:120 mapped:32
Tue Dec 30 02:14:58 [clientcursormon] mem (MB) res:32 virt:120 mapped:32
Tue Dec 30 02:19:58 [clientcursormon] mem (MB) res:32 virt:120 mapped:32
Tue Dec 30 02:24:58 [clientcursormon] mem (MB) res:32 virt:120 mapped:32
Tue Dec 30 02:29:58 [clientcursormon] mem (MB) res:32 virt:120 mapped:32
Tue Dec 30 02:34:58 [clientcursormon] mem (MB) res:32 virt:120 mapped:32
Tue Dec 30 02:39:58 [clientcursormon] mem (MB) res:32 virt:120 mapped:32
Tue Dec 30 02:44:58 [clientcursormon] mem (MB) res:32 virt:120 mapped:32
Tue Dec 30 02:49:58 [clientcursormon] mem (MB) res:32 virt:120 mapped:32
Tue Dec 30 02:54:58 [clientcursormon] mem (MB) res:32 virt:120 mapped:32
Tue Dec 30 02:59:58 [clientcursormon] mem (MB) res:32 virt:120 mapped:32
Tue Dec 30 03:04:58 [clientcursormon] mem (MB) res:32 virt:120 mapped:32
Tue Dec 30 03:09:58 [clientcursormon] mem (MB) res:32 virt:120 mapped:32
Tue Dec 30 03:14:58 [clientcursormon] mem (MB) res:32 virt:120 mapped:32
Tue Dec 30 03:19:58 [clientcursormon] mem (MB) res:32 virt:120 mapped:32
Tue Dec 30 03:24:58 [clientcursormon] mem (MB) res:32 virt:120 mapped:32
Tue Dec 30 03:29:58 [clientcursormon] mem (MB) res:32 virt:120 mapped:32
Tue Dec 30 03:34:58 [clientcursormon] mem (MB) res:32 virt:120 mapped:32
Tue Dec 30 03:39:58 [clientcursormon] mem (MB) res:32 virt:120 mapped:32
Tue Dec 30 03:44:58 [clientcursormon] mem (MB) res:32 virt:120 mapped:32
Tue Dec 30 03:49:58 [clientcursormon] mem (MB) res:32 virt:120 mapped:32
Tue Dec 30 03:54:58 [clientcursormon] mem (MB) res:32 virt:120 mapped:32
Tue Dec 30 03:59:58 [clientcursormon] mem (MB) res:32 virt:120 mapped:32
Tue Dec 30 04:04:58 [clientcursormon] mem (MB) res:32 virt:120 mapped:32
Tue Dec 30 04:09:58 [clientcursormon] mem (MB) res:32 virt:120 mapped:32
Tue Dec 30 04:14:58 [clientcursormon] mem (MB) res:32 virt:120 mapped:32
Tue Dec 30 04:19:58 [clientcursormon] mem (MB) res:32 virt:120 mapped:32
Tue Dec 30 04:24:58 [clientcursormon] mem (MB) res:32 virt:120 mapped:32
Tue Dec 30 04:29:58 [clientcursormon] mem (MB) res:32 virt:120 mapped:32
Tue Dec 30 04:34:58 [clientcursormon] mem (MB) res:32 virt:120 mapped:32
Tue Dec 30 04:39:58 [clientcursormon] mem (MB) res:32 virt:120 mapped:32
Tue Dec 30 04:44:58 [clientcursormon] mem (MB) res:32 virt:120 mapped:32
Tue Dec 30 04:49:58 [clientcursormon] mem (MB) res:32 virt:120 mapped:32
Tue Dec 30 04:54:58 [clientcursormon] mem (MB) res:32 virt:120 mapped:32
Tue Dec 30 04:59:58 [clientcursormon] mem (MB) res:32 virt:120 mapped:32
Tue Dec 30 05:04:58 [clientcursormon] mem (MB) res:32 virt:120 mapped:32
Tue Dec 30 05:09:58 [clientcursormon] mem (MB) res:32 virt:120 mapped:32
Tue Dec 30 05:14:58 [clientcursormon] mem (MB) res:32 virt:120 mapped:32
Tue Dec 30 05:19:58 [clientcursormon] mem (MB) res:32 virt:120 mapped:32
Tue Dec 30 05:24:58 [clientcursormon] mem (MB) res:32 virt:120 mapped:32
Tue Dec 30 05:29:58 [clientcursormon] mem (MB) res:32 virt:120 mapped:32
Tue Dec 30 05:34:58 [clientcursormon] mem (MB) res:32 virt:120 mapped:32
Tue Dec 30 05:39:58 [clientcursormon] mem (MB) res:32 virt:120 mapped:32
Tue Dec 30 05:44:58 [clientcursormon] mem (MB) res:32 virt:120 mapped:32
Tue Dec 30 05:49:58 [clientcursormon] mem (MB) res:32 virt:120 mapped:32
Tue Dec 30 05:54:58 [clientcursormon] mem (MB) res:32 virt:120 mapped:32
Tue Dec 30 05:59:58 [clientcursormon] mem (MB) res:32 virt:120 mapped:32
Tue Dec 30 06:04:58 [clientcursormon] mem (MB) res:32 virt:120 mapped:32
Tue Dec 30 06:09:58 [clientcursormon] mem (MB) res:32 virt:120 mapped:32
Tue Dec 30 06:14:58 [clientcursormon] mem (MB) res:32 virt:120 mapped:32
Tue Dec 30 06:19:58 [clientcursormon] mem (MB) res:32 virt:120 mapped:32
Tue Dec 30 06:24:58 [clientcursormon] mem (MB) res:32 virt:120 mapped:32
Tue Dec 30 06:29:58 [clientcursormon] mem (MB) res:32 virt:120 mapped:32
Tue Dec 30 06:34:58 [clientcursormon] mem (MB) res:32 virt:120 mapped:32
Tue Dec 30 06:39:58 [clientcursormon] mem (MB) res:32 virt:120 mapped:32
Tue Dec 30 06:44:58 [clientcursormon] mem (MB) res:32 virt:120 mapped:32
Tue Dec 30 06:49:58 [clientcursormon] mem (MB) res:32 virt:120 mapped:32
Tue Dec 30 06:54:59 [clientcursormon] mem (MB) res:32 virt:120 mapped:32
Tue Dec 30 06:59:59 [clientcursormon] mem (MB) res:32 virt:120 mapped:32
Tue Dec 30 07:04:59 [clientcursormon] mem (MB) res:32 virt:120 mapped:32
Tue Dec 30 07:09:59 [clientcursormon] mem (MB) res:32 virt:120 mapped:32
Tue Dec 30 07:14:59 [clientcursormon] mem (MB) res:32 virt:120 mapped:32
Tue Dec 30 07:19:59 [clientcursormon] mem (MB) res:32 virt:120 mapped:32
Tue Dec 30 07:24:59 [clientcursormon] mem (MB) res:32 virt:120 mapped:32
Tue Dec 30 07:29:59 [clientcursormon] mem (MB) res:32 virt:120 mapped:32
Tue Dec 30 07:34:59 [clientcursormon] mem (MB) res:32 virt:120 mapped:32
Tue Dec 30 07:39:59 [clientcursormon] mem (MB) res:32 virt:120 mapped:32
Tue Dec 30 07:44:59 [clientcursormon] mem (MB) res:32 virt:120 mapped:32
Tue Dec 30 07:49:59 [clientcursormon] mem (MB) res:32 virt:120 mapped:32
Tue Dec 30 07:54:59 [clientcursormon] mem (MB) res:32 virt:120 mapped:32
Tue Dec 30 07:59:59 [clientcursormon] mem (MB) res:32 virt:120 mapped:32
Tue Dec 30 08:04:59 [clientcursormon] mem (MB) res:32 virt:120 mapped:32
Tue Dec 30 08:09:59 [clientcursormon] mem (MB) res:32 virt:120 mapped:32
Tue Dec 30 08:14:59 [clientcursormon] mem (MB) res:32 virt:120 mapped:32
Tue Dec 30 08:19:59 [clientcursormon] mem (MB) res:32 virt:120 mapped:32
Tue Dec 30 08:24:59 [clientcursormon] mem (MB) res:32 virt:120 mapped:32
Tue Dec 30 08:29:59 [clientcursormon] mem (MB) res:32 virt:120 mapped:32
Tue Dec 30 08:34:59 [clientcursormon] mem (MB) res:32 virt:120 mapped:32
Tue Dec 30 08:39:59 [clientcursormon] mem (MB) res:32 virt:120 mapped:32
Tue Dec 30 08:44:59 [clientcursormon] mem (MB) res:32 virt:120 mapped:32
Tue Dec 30 08:49:59 [clientcursormon] mem (MB) res:32 virt:120 mapped:32
Tue Dec 30 08:54:59 [clientcursormon] mem (MB) res:32 virt:120 mapped:32
Tue Dec 30 08:59:59 [clientcursormon] mem (MB) res:32 virt:120 mapped:32
Tue Dec 30 09:04:59 [clientcursormon] mem (MB) res:32 virt:120 mapped:32
Tue Dec 30 09:09:59 [clientcursormon] mem (MB) res:32 virt:120 mapped:32
Tue Dec 30 09:14:59 [clientcursormon] mem (MB) res:32 virt:120 mapped:32
Tue Dec 30 09:19:59 [clientcursormon] mem (MB) res:32 virt:120 mapped:32
Tue Dec 30 09:24:59 [clientcursormon] mem (MB) res:32 virt:120 mapped:32
Tue Dec 30 09:29:59 [clientcursormon] mem (MB) res:32 virt:120 mapped:32
Tue Dec 30 09:34:59 [clientcursormon] mem (MB) res:32 virt:120 mapped:32
Tue Dec 30 09:39:59 [clientcursormon] mem (MB) res:32 virt:120 mapped:32
Tue Dec 30 09:44:59 [clientcursormon] mem (MB) res:32 virt:120 mapped:32
Tue Dec 30 09:49:59 [clientcursormon] mem (MB) res:32 virt:120 mapped:32
Tue Dec 30 09:54:59 [clientcursormon] mem (MB) res:32 virt:120 mapped:32
Tue Dec 30 09:59:59 [clientcursormon] mem (MB) res:32 virt:120 mapped:32
Tue Dec 30 10:04:59 [clientcursormon] mem (MB) res:32 virt:120 mapped:32
Tue Dec 30 10:09:59 [clientcursormon] mem (MB) res:32 virt:120 mapped:32
Tue Dec 30 10:14:59 [clientcursormon] mem (MB) res:32 virt:120 mapped:32
Tue Dec 30 10:19:59 [clientcursormon] mem (MB) res:32 virt:120 mapped:32
Tue Dec 30 10:24:59 [clientcursormon] mem (MB) res:32 virt:120 mapped:32
Tue Dec 30 10:29:59 [clientcursormon] mem (MB) res:32 virt:120 mapped:32
Tue Dec 30 10:34:59 [clientcursormon] mem (MB) res:32 virt:120 mapped:32
Tue Dec 30 10:39:59 [clientcursormon] mem (MB) res:32 virt:120 mapped:32
Tue Dec 30 10:44:59 [clientcursormon] mem (MB) res:32 virt:120 mapped:32
Tue Dec 30 10:49:59 [clientcursormon] mem (MB) res:32 virt:120 mapped:32
Tue Dec 30 10:54:59 [clientcursormon] mem (MB) res:32 virt:120 mapped:32
Tue Dec 30 10:59:59 [clientcursormon] mem (MB) res:32 virt:120 mapped:32
Tue Dec 30 11:04:59 [clientcursormon] mem (MB) res:32 virt:120 mapped:32
Tue Dec 30 11:09:59 [clientcursormon] mem (MB) res:32 virt:120 mapped:32
Tue Dec 30 11:14:59 [clientcursormon] mem (MB) res:32 virt:120 mapped:32
Tue Dec 30 11:19:59 [clientcursormon] mem (MB) res:32 virt:120 mapped:32
Tue Dec 30 11:24:59 [clientcursormon] mem (MB) res:32 virt:120 mapped:32
Tue Dec 30 11:29:59 [clientcursormon] mem (MB) res:32 virt:120 mapped:32
Tue Dec 30 11:34:59 [clientcursormon] mem (MB) res:32 virt:120 mapped:32
Tue Dec 30 11:39:59 [clientcursormon] mem (MB) res:32 virt:120 mapped:32
Tue Dec 30 11:44:59 [clientcursormon] mem (MB) res:32 virt:120 mapped:32
